/data/data/ws/anaconda3/envs/sard/bin/python3 /data/data/ws/sard-parse/utils.py
[CWE122]: 100%|█████████████████████████| 3485/3485 [00:00<00:00, 176091.14it/s]
[cwe] 122 success: 3485 fail: 0
[CWE121]:   0%|                                        | 0/3048 [00:00<?, ?it/s][file] not exist: CWE121_Stack_Based_Buffer_Overflow__CWE131_loop_21.c
[file] not exist: CWE121_Stack_Based_Buffer_Overflow__CWE131_loop_42.c
[file] not exist: CWE121_Stack_Based_Buffer_Overflow__CWE131_loop_43.cpp
[file] not exist: CWE121_Stack_Based_Buffer_Overflow__CWE131_memcpy_21.c
[file] not exist: CWE121_Stack_Based_Buffer_Overflow__CWE131_memcpy_42.c
[file] not exist: CWE121_Stack_Based_Buffer_Overflow__CWE131_memcpy_43.cpp
[file] not exist: CWE121_Stack_Based_Buffer_Overflow__CWE131_memmove_21.c
[file] not exist: CWE121_Stack_Based_Buffer_Overflow__CWE131_memmove_42.c
[file] not exist: CWE121_Stack_Based_Buffer_Overflow__CWE131_memmove_43.cpp
[CWE121]: 100%|██████████████████████████| 3048/3048 [00:00<00:00, 54289.66it/s]
[cwe] 121 success: 3039 fail: 9
[CWE78]: 100%|██████████████████████████| 2800/2800 [00:00<00:00, 179751.30it/s]
[cwe] 78 success: 2800 fail: 0
[CWE190]: 100%|█████████████████████████| 2448/2448 [00:00<00:00, 178251.73it/s]
[cwe] 190 success: 2448 fail: 0
[CWE762]: 100%|█████████████████████████| 2072/2072 [00:00<00:00, 174111.43it/s]
[cwe] 762 success: 2072 fail: 0
[CWE191]: 100%|█████████████████████████| 1860/1860 [00:00<00:00, 175557.08it/s]
[cwe] 191 success: 1860 fail: 0
[CWE134]: 100%|█████████████████████████| 1680/1680 [00:00<00:00, 175005.73it/s]
[cwe] 134 success: 1680 fail: 0
[CWE590]: 100%|█████████████████████████| 1675/1675 [00:00<00:00, 174871.42it/s]
[cwe] 590 success: 1675 fail: 0
[CWE23]: 100%|██████████████████████████| 1400/1400 [00:00<00:00, 163007.68it/s]
[cwe] 23 success: 1400 fail: 0
[CWE36]: 100%|██████████████████████████| 1400/1400 [00:00<00:00, 173836.57it/s]
[cwe] 36 success: 1400 fail: 0
[CWE124]: 100%|█████████████████████████| 1228/1228 [00:00<00:00, 177503.03it/s]
[cwe] 124 success: 1228 fail: 0
[CWE127]: 100%|█████████████████████████| 1228/1228 [00:00<00:00, 178505.76it/s]
[cwe] 127 success: 1228 fail: 0
[CWE401]: 100%|█████████████████████████| 1032/1032 [00:00<00:00, 176257.09it/s]
[cwe] 401 success: 1032 fail: 0
[CWE126]: 100%|███████████████████████████| 912/912 [00:00<00:00, 171795.80it/s]
[cwe] 126 success: 912 fail: 0
[CWE457]: 100%|███████████████████████████| 817/817 [00:00<00:00, 173743.67it/s]
[cwe] 457 success: 817 fail: 0
[CWE253]: 100%|███████████████████████████| 684/684 [00:00<00:00, 170565.04it/s]
[cwe] 253 success: 684 fail: 0
[CWE194]: 100%|███████████████████████████| 672/672 [00:00<00:00, 165418.88it/s]
[cwe] 194 success: 672 fail: 0
[CWE195]: 100%|███████████████████████████| 672/672 [00:00<00:00, 170626.08it/s]
[cwe] 195 success: 672 fail: 0
[CWE252]: 100%|███████████████████████████| 630/630 [00:00<00:00, 167804.12it/s]
[cwe] 252 success: 630 fail: 0
[CWE758]: 100%|███████████████████████████| 581/581 [00:00<00:00, 171805.60it/s]
[cwe] 758 success: 581 fail: 0
[CWE415]: 100%|███████████████████████████| 560/560 [00:00<00:00, 174801.68it/s]
[cwe] 415 success: 560 fail: 0
[CWE690]: 100%|███████████████████████████| 560/560 [00:00<00:00, 170203.64it/s]
[cwe] 690 success: 560 fail: 0
[CWE789]: 100%|███████████████████████████| 560/560 [00:00<00:00, 171646.47it/s]
[cwe] 789 success: 560 fail: 0
[CWE197]: 100%|███████████████████████████| 504/504 [00:00<00:00, 170203.64it/s]
[cwe] 197 success: 504 fail: 0
[CWE369]: 100%|███████████████████████████| 504/504 [00:00<00:00, 172172.11it/s]
[cwe] 369 success: 504 fail: 0
[CWE400]: 100%|███████████████████████████| 420/420 [00:00<00:00, 168914.34it/s]
[cwe] 400 success: 420 fail: 0
[CWE416]: 100%|███████████████████████████| 398/398 [00:00<00:00, 171196.08it/s]
[cwe] 416 success: 398 fail: 0
[CWE563]: 100%|███████████████████████████| 366/366 [00:00<00:00, 168693.99it/s]
[cwe] 563 success: 366 fail: 0
[CWE114]: 100%|███████████████████████████| 336/336 [00:00<00:00, 163055.21it/s]
[cwe] 114 success: 336 fail: 0
[CWE680]: 100%|███████████████████████████| 336/336 [00:00<00:00, 159891.78it/s]
[cwe] 680 success: 336 fail: 0
[CWE761]: 100%|███████████████████████████| 336/336 [00:00<00:00, 166209.00it/s]
[cwe] 761 success: 336 fail: 0
[CWE427]: 100%|███████████████████████████| 280/280 [00:00<00:00, 159435.94it/s]
[cwe] 427 success: 280 fail: 0
[CWE606]: 100%|███████████████████████████| 280/280 [00:00<00:00, 164068.89it/s]
[cwe] 606 success: 280 fail: 0
[CWE90]: 100%|████████████████████████████| 280/280 [00:00<00:00, 167341.85it/s]
[cwe] 90 success: 280 fail: 0
[CWE272]: 100%|███████████████████████████| 252/252 [00:00<00:00, 161640.10it/s]
[cwe] 272 success: 252 fail: 0
[CWE476]: 100%|███████████████████████████| 236/236 [00:00<00:00, 162351.28it/s]
[cwe] 476 success: 236 fail: 0
[CWE404]: 100%|███████████████████████████| 224/224 [00:00<00:00, 159891.78it/s]
[cwe] 404 success: 224 fail: 0
[CWE284]: 100%|███████████████████████████| 216/216 [00:00<00:00, 158914.17it/s]
[cwe] 284 success: 216 fail: 0
[CWE617]: 100%|███████████████████████████| 186/186 [00:00<00:00, 159897.63it/s]
[cwe] 617 success: 186 fail: 0
[CWE398]: 100%|███████████████████████████| 181/181 [00:00<00:00, 157145.32it/s]
[cwe] 398 success: 181 fail: 0
[CWE506]: 100%|█████████████████████████████| 158/158 [00:00<00:00, 1390.75it/s]
[cwe] 506 success: 158 fail: 0
[CWE377]: 100%|█████████████████████████████| 144/144 [00:00<00:00, 1210.23it/s]
[cwe] 377 success: 144 fail: 0
[CWE319]: 100%|██████████████████████████████| 112/112 [00:00<00:00, 472.95it/s]
[cwe] 319 success: 112 fail: 0
[CWE426]: 100%|█████████████████████████████| 112/112 [00:00<00:00, 1186.36it/s]
[cwe] 426 success: 112 fail: 0
[CWE665]: 100%|█████████████████████████████| 112/112 [00:00<00:00, 1450.48it/s]
[cwe] 665 success: 112 fail: 0
[CWE675]: 100%|█████████████████████████████| 112/112 [00:00<00:00, 1037.66it/s]
[cwe] 675 success: 112 fail: 0
[CWE390]: 100%|███████████████████████████████| 90/90 [00:00<00:00, 1666.64it/s]
[cwe] 390 success: 90 fail: 0
[CWE546]: 100%|███████████████████████████████| 90/90 [00:00<00:00, 1992.62it/s]
[cwe] 546 success: 90 fail: 0
[CWE666]: 100%|████████████████████████████████| 90/90 [00:00<00:00, 507.03it/s]
[cwe] 666 success: 90 fail: 0
[CWE123]: 100%|████████████████████████████████| 84/84 [00:00<00:00, 835.55it/s]
[cwe] 123 success: 84 fail: 0
[CWE773]: 100%|███████████████████████████████| 84/84 [00:00<00:00, 1373.09it/s]
[cwe] 773 success: 84 fail: 0
[CWE775]: 100%|███████████████████████████████| 84/84 [00:00<00:00, 1525.35it/s]
[cwe] 775 success: 84 fail: 0
[CWE226]: 100%|███████████████████████████████| 72/72 [00:00<00:00, 1160.33it/s]
[cwe] 226 success: 72 fail: 0
[CWE244]: 100%|███████████████████████████████| 72/72 [00:00<00:00, 1118.40it/s]
[cwe] 244 success: 72 fail: 0
[CWE325]: 100%|███████████████████████████████| 72/72 [00:00<00:00, 1076.89it/s]
[cwe] 325 success: 72 fail: 0
[CWE511]: 100%|███████████████████████████████| 72/72 [00:00<00:00, 1648.40it/s]
[cwe] 511 success: 72 fail: 0
[CWE510]: 100%|████████████████████████████████| 70/70 [00:00<00:00, 908.31it/s]
[cwe] 510 success: 70 fail: 0
[CWE256]: 100%|████████████████████████████████| 56/56 [00:00<00:00, 545.89it/s]
[cwe] 256 success: 56 fail: 0
[CWE259]: 100%|███████████████████████████████| 56/56 [00:00<00:00, 1296.11it/s]
[cwe] 259 success: 56 fail: 0
[CWE321]: 100%|████████████████████████████████| 56/56 [00:00<00:00, 872.42it/s]
[cwe] 321 success: 56 fail: 0
[CWE591]: 100%|████████████████████████████████| 56/56 [00:00<00:00, 905.30it/s]
[cwe] 591 success: 56 fail: 0
[CWE327]: 100%|████████████████████████████████| 54/54 [00:00<00:00, 819.25it/s]
[cwe] 327 success: 54 fail: 0
[CWE328]: 100%|████████████████████████████████| 54/54 [00:00<00:00, 876.47it/s]
[cwe] 328 success: 54 fail: 0
[CWE391]: 100%|███████████████████████████████| 54/54 [00:00<00:00, 1793.62it/s]
[cwe] 391 success: 54 fail: 0
[CWE396]: 100%|███████████████████████████████| 54/54 [00:00<00:00, 1511.55it/s]
[cwe] 396 success: 54 fail: 0
[CWE467]: 100%|███████████████████████████████| 54/54 [00:00<00:00, 1886.12it/s]
[cwe] 467 success: 54 fail: 0
[CWE681]: 100%|███████████████████████████████| 54/54 [00:00<00:00, 1465.50it/s]
[cwe] 681 success: 54 fail: 0
[CWE588]: 100%|███████████████████████████████| 50/50 [00:00<00:00, 1677.23it/s]
[cwe] 588 success: 50 fail: 0
[CWE843]: 100%|███████████████████████████████| 50/50 [00:00<00:00, 1837.04it/s]
[cwe] 843 success: 50 fail: 0
[CWE468]: 100%|███████████████████████████████| 37/37 [00:00<00:00, 1807.07it/s]
[cwe] 468 success: 37 fail: 0
[CWE188]: 100%|███████████████████████████████| 36/36 [00:00<00:00, 1673.06it/s]
[cwe] 188 success: 36 fail: 0
[CWE273]: 100%|███████████████████████████████| 36/36 [00:00<00:00, 1424.41it/s]
[cwe] 273 success: 36 fail: 0
[CWE366]: 100%|███████████████████████████████| 36/36 [00:00<00:00, 1231.08it/s]
[cwe] 366 success: 36 fail: 0
[CWE367]: 100%|███████████████████████████████| 36/36 [00:00<00:00, 1358.64it/s]
[cwe] 367 success: 36 fail: 0
[CWE459]: 100%|███████████████████████████████| 36/36 [00:00<00:00, 1501.44it/s]
[cwe] 459 success: 36 fail: 0
[CWE469]: 100%|███████████████████████████████| 36/36 [00:00<00:00, 1630.33it/s]
[cwe] 469 success: 36 fail: 0
[CWE475]: 100%|███████████████████████████████| 36/36 [00:00<00:00, 1839.97it/s]
[cwe] 475 success: 36 fail: 0
[CWE534]: 100%|███████████████████████████████| 36/36 [00:00<00:00, 1200.62it/s]
[cwe] 534 success: 36 fail: 0
[CWE535]: 100%|███████████████████████████████| 36/36 [00:00<00:00, 1250.27it/s]
[cwe] 535 success: 36 fail: 0
[CWE15]: 100%|████████████████████████████████| 28/28 [00:00<00:00, 1292.19it/s]
[cwe] 15 success: 28 fail: 0
[CWE176]: 100%|████████████████████████████████| 28/28 [00:00<00:00, 978.61it/s]
[cwe] 176 success: 28 fail: 0
[CWE464]: 100%|███████████████████████████████| 28/28 [00:00<00:00, 1714.91it/s]
[cwe] 464 success: 28 fail: 0
[CWE672]: 100%|████████████████████████████████| 27/27 [00:00<00:00, 984.50it/s]
[cwe] 672 success: 27 fail: 0
[CWE397]: 100%|███████████████████████████████| 20/20 [00:00<00:00, 1833.94it/s]
[cwe] 397 success: 20 fail: 0
[CWE483]: 100%|███████████████████████████████| 20/20 [00:00<00:00, 1869.20it/s]
[cwe] 483 success: 20 fail: 0
[CWE196]: 100%|███████████████████████████████| 18/18 [00:00<00:00, 1690.99it/s]
[cwe] 196 success: 18 fail: 0
[CWE222]: 100%|████████████████████████████████| 18/18 [00:00<00:00, 822.45it/s]
[cwe] 222 success: 18 fail: 0
[CWE223]: 100%|████████████████████████████████| 18/18 [00:00<00:00, 832.64it/s]
[cwe] 223 success: 18 fail: 0
[CWE242]: 100%|███████████████████████████████| 18/18 [00:00<00:00, 1655.32it/s]
[cwe] 242 success: 18 fail: 0
[CWE247]: 100%|████████████████████████████████| 18/18 [00:00<00:00, 909.21it/s]
[cwe] 247 success: 18 fail: 0
[CWE338]: 100%|███████████████████████████████| 18/18 [00:00<00:00, 1772.24it/s]
[cwe] 338 success: 18 fail: 0
[CWE364]: 100%|███████████████████████████████| 18/18 [00:00<00:00, 1006.65it/s]
[cwe] 364 success: 18 fail: 0
[CWE478]: 100%|███████████████████████████████| 18/18 [00:00<00:00, 1717.80it/s]
[cwe] 478 success: 18 fail: 0
[CWE479]: 100%|███████████████████████████████| 18/18 [00:00<00:00, 1590.96it/s]
[cwe] 479 success: 18 fail: 0
[CWE480]: 100%|███████████████████████████████| 18/18 [00:00<00:00, 1626.12it/s]
[cwe] 480 success: 18 fail: 0
[CWE481]: 100%|███████████████████████████████| 18/18 [00:00<00:00, 1985.78it/s]
[cwe] 481 success: 18 fail: 0
[CWE482]: 100%|███████████████████████████████| 18/18 [00:00<00:00, 1886.82it/s]
[cwe] 482 success: 18 fail: 0
[CWE484]: 100%|███████████████████████████████| 18/18 [00:00<00:00, 1674.41it/s]
[cwe] 484 success: 18 fail: 0
[CWE526]: 100%|███████████████████████████████| 18/18 [00:00<00:00, 2025.91it/s]
[cwe] 526 success: 18 fail: 0
[CWE587]: 100%|███████████████████████████████| 18/18 [00:00<00:00, 1959.55it/s]
[cwe] 587 success: 18 fail: 0
[CWE605]: 100%|████████████████████████████████| 18/18 [00:00<00:00, 560.18it/s]
[cwe] 605 success: 18 fail: 0
[CWE615]: 100%|███████████████████████████████| 18/18 [00:00<00:00, 1473.81it/s]
[cwe] 615 success: 18 fail: 0
[CWE620]: 100%|███████████████████████████████| 18/18 [00:00<00:00, 1459.90it/s]
[cwe] 620 success: 18 fail: 0
[CWE667]: 100%|███████████████████████████████| 18/18 [00:00<00:00, 1698.10it/s]
[cwe] 667 success: 18 fail: 0
[CWE676]: 100%|███████████████████████████████| 18/18 [00:00<00:00, 1688.83it/s]
[cwe] 676 success: 18 fail: 0
[CWE685]: 100%|███████████████████████████████| 18/18 [00:00<00:00, 1838.89it/s]
[cwe] 685 success: 18 fail: 0
[CWE688]: 100%|███████████████████████████████| 18/18 [00:00<00:00, 1873.85it/s]
[cwe] 688 success: 18 fail: 0
[CWE780]: 100%|████████████████████████████████| 18/18 [00:00<00:00, 940.90it/s]
[cwe] 780 success: 18 fail: 0
[CWE785]: 100%|███████████████████████████████| 18/18 [00:00<00:00, 1556.75it/s]
[cwe] 785 success: 18 fail: 0
[CWE832]: 100%|███████████████████████████████| 18/18 [00:00<00:00, 1617.13it/s]
[cwe] 832 success: 18 fail: 0
[CWE570]: 100%|███████████████████████████████| 16/16 [00:00<00:00, 2936.16it/s]
[cwe] 570 success: 16 fail: 0
[CWE571]: 100%|███████████████████████████████| 16/16 [00:00<00:00, 3021.56it/s]
[cwe] 571 success: 16 fail: 0
[CWE835]: 100%|█████████████████████████████████| 6/6 [00:00<00:00, 2692.97it/s]
[cwe] 835 success: 6 fail: 0
[CWE562]: 100%|█████████████████████████████████| 3/3 [00:00<00:00, 1932.86it/s]
[cwe] 562 success: 3 fail: 0
[CWE561]: 100%|█████████████████████████████████| 2/2 [00:00<00:00, 2111.94it/s]
[cwe] 561 success: 2 fail: 0
[CWE674]: 100%|█████████████████████████████████| 2/2 [00:00<00:00, 2000.62it/s]
[cwe] 674 success: 2 fail: 0
[CWE440]: 100%|█████████████████████████████████| 1/1 [00:00<00:00, 1439.86it/s]
[cwe] 440 success: 1 fail: 0

进程已结束，退出代码为 0
